#
# A fatal error has been detected by the Java Runtime Environment:
#
#  Internal Error (javaClasses.cpp:129), pid=23261, tid=139887804102400
#  fatal error: Invalid layout of preloaded class
#
# JRE version: 7.0_25-b30
# Java VM: OpenJDK 64-Bit Server VM (23.7-b01 mixed mode linux-amd64 compressed oops)
# Failed to write core dump. Core dumps have been disabled. To enable core dumping, try "ulimit -c unlimited" before starting Java again
#
# If you would like to submit a bug report, please include
# instructions on how to reproduce the bug and visit:
#   https://bugs.launchpad.net/ubuntu/+source/openjdk-7/
#

---------------  T H R E A D  ---------------

Current thread (0x00007f3a24009000):  JavaThread "Unknown thread" [_thread_in_vm, id=23268, stack(0x00007f3a2acf3000,0x00007f3a2adf4000)]

Stack: [0x00007f3a2acf3000,0x00007f3a2adf4000],  sp=0x00007f3a2adf2920,  free space=1022k
Native frames: (J=compiled Java code, j=interpreted, Vv=VM code, C=native code)
V  [libjvm.so+0x83a829]  VMError::report_and_die()+0x169
V  [libjvm.so+0x3e5c03]  report_fatal(char const*, int, char const*)+0x53
V  [libjvm.so+0x51b623]  compute_offset(int&, klassOopDesc*, Symbol*, Symbol*, bool)+0x123
V  [libjvm.so+0x51b8b1]  java_lang_String::compute_offsets()+0x41
V  [libjvm.so+0x7c98fd]  SystemDictionary::initialize_preloaded_classes(Thread*)+0x3d
V  [libjvm.so+0x816c53]  Universe::genesis(Thread*)+0x443
V  [libjvm.so+0x817102]  universe2_init()+0x32
V  [libjvm.so+0x4cf5ea]  init_globals()+0x9a
V  [libjvm.so+0x7fcf0c]  Threads::create_vm(JavaVMInitArgs*, bool*)+0x39c
V  [libjvm.so+0x538eca]  JNI_CreateJavaVM+0x5a
C  [libjli.so+0x2a17]  __strcat_chk+0x2a17


---------------  P R O C E S S  ---------------

Java Threads: ( => current thread )

Other Threads:

=>0x00007f3a24009000 (exited) JavaThread "Unknown thread" [_thread_in_vm, id=23268, stack(0x00007f3a2acf3000,0x00007f3a2adf4000)]

VM state:not at safepoint (not fully initialized)

VM Mutex/Monitor currently owned by a thread: None

GC Heap History (0 events):
No events

Deoptimization events (0 events):
No events

Internal exceptions (0 events):
No events

Events (10 events):
Event: 0.005 loading class 0x00007f3a2402b270 done
Event: 0.005 loading class 0x00007f3a2402ab10 done
Event: 0.005 loading class 0x00007f3a2402aae0
Event: 0.005 loading class 0x00007f3a24055e90
Event: 0.005 loading class 0x00007f3a24055e90 done
Event: 0.005 loading class 0x00007f3a24055ed0
Event: 0.005 loading class 0x00007f3a24055ed0 done
Event: 0.005 loading class 0x00007f3a24055f10
Event: 0.005 loading class 0x00007f3a24055f10 done
Event: 0.005 loading class 0x00007f3a2402aae0 done


Dynamic libraries:
00400000-00401000 r-xp 00000000 08:12 1459785                            /usr/lib/jvm/java-7-openjdk-amd64/jre/bin/java
00600000-00601000 r--p 00000000 08:12 1459785                            /usr/lib/jvm/java-7-openjdk-amd64/jre/bin/java
00601000-00602000 rw-p 00001000 08:12 1459785                            /usr/lib/jvm/java-7-openjdk-amd64/jre/bin/java
022eb000-0230c000 rw-p 00000000 00:00 0                                  [heap]
b9800000-bacc0000 rw-p 00000000 00:00 0 
bacc0000-c3e00000 rw-p 00000000 00:00 0 
c3e00000-c6610000 rw-p 00000000 00:00 0 
c6610000-ebf60000 rw-p 00000000 00:00 0 
ebf60000-ed360000 rw-p 00000000 00:00 0 
ed360000-100000000 rw-p 00000000 00:00 0 
7f3a04000000-7f3a04021000 rw-p 00000000 00:00 0 
7f3a04021000-7f3a08000000 ---p 00000000 00:00 0 
7f3a0c000000-7f3a0c021000 rw-p 00000000 00:00 0 
7f3a0c021000-7f3a10000000 ---p 00000000 00:00 0 
7f3a14000000-7f3a14021000 rw-p 00000000 00:00 0 
7f3a14021000-7f3a18000000 ---p 00000000 00:00 0 
7f3a1928c000-7f3a1c000000 rw-p 00000000 00:00 0 
7f3a1c000000-7f3a1c021000 rw-p 00000000 00:00 0 
7f3a1c021000-7f3a20000000 ---p 00000000 00:00 0 
7f3a200d8000-7f3a2019a000 rw-p 00000000 00:00 0 
7f3a2019a000-7f3a20264000 r--s 011ad000 08:12 1098152                    /home/robin/android sdk tools/adt-bundle-linux-x86_64-20130729/sdk/platforms/android-18/android.jar
7f3a20264000-7f3a20265000 ---p 00000000 00:00 0 
7f3a20265000-7f3a20365000 rw-p 00000000 00:00 0                          [stack:23272]
7f3a20365000-7f3a20366000 ---p 00000000 00:00 0 
7f3a20366000-7f3a20466000 rw-p 00000000 00:00 0                          [stack:23271]
7f3a20466000-7f3a20467000 ---p 00000000 00:00 0 
7f3a20467000-7f3a20567000 rw-p 00000000 00:00 0                          [stack:23270]
7f3a20567000-7f3a20568000 ---p 00000000 00:00 0 
7f3a20568000-7f3a2067d000 rw-p 00000000 00:00 0                          [stack:23269]
7f3a2067d000-7f3a207a9000 rw-p 00000000 00:00 0 
7f3a207a9000-7f3a207b4000 rw-p 00000000 00:00 0 
7f3a207b4000-7f3a207fc000 rw-p 00000000 00:00 0 
7f3a207fc000-7f3a20811000 rw-p 00000000 00:00 0 
7f3a20811000-7f3a2093c000 rw-p 00000000 00:00 0 
7f3a2093c000-7f3a20947000 rw-p 00000000 00:00 0 
7f3a20947000-7f3a209dd000 rw-p 00000000 00:00 0 
7f3a209dd000-7f3a209de000 rw-p 00000000 00:00 0 
7f3a209de000-7f3a20c4e000 rwxp 00000000 00:00 0 
7f3a20c4e000-7f3a239de000 rw-p 00000000 00:00 0 
7f3a239de000-7f3a239e6000 r-xp 00000000 08:12 1471430                    /usr/lib/jvm/java-7-openjdk-amd64/jre/lib/amd64/libzip.so
7f3a239e6000-7f3a23be5000 ---p 00008000 08:12 1471430                    /usr/lib/jvm/java-7-openjdk-amd64/jre/lib/amd64/libzip.so
7f3a23be5000-7f3a23be6000 r--p 00007000 08:12 1471430                    /usr/lib/jvm/java-7-openjdk-amd64/jre/lib/amd64/libzip.so
7f3a23be6000-7f3a23be7000 rw-p 00008000 08:12 1471430                    /usr/lib/jvm/java-7-openjdk-amd64/jre/lib/amd64/libzip.so
7f3a23be7000-7f3a23bf3000 r-xp 00000000 08:12 393349                     /lib/x86_64-linux-gnu/libnss_files-2.15.so
7f3a23bf3000-7f3a23df2000 ---p 0000c000 08:12 393349                     /lib/x86_64-linux-gnu/libnss_files-2.15.so
7f3a23df2000-7f3a23df3000 r--p 0000b000 08:12 393349                     /lib/x86_64-linux-gnu/libnss_files-2.15.so
7f3a23df3000-7f3a23df4000 rw-p 0000c000 08:12 393349                     /lib/x86_64-linux-gnu/libnss_files-2.15.so
7f3a23df4000-7f3a23dfe000 r-xp 00000000 08:12 393345                     /lib/x86_64-linux-gnu/libnss_nis-2.15.so
7f3a23dfe000-7f3a23ffe000 ---p 0000a000 08:12 393345                     /lib/x86_64-linux-gnu/libnss_nis-2.15.so
7f3a23ffe000-7f3a23fff000 r--p 0000a000 08:12 393345                     /lib/x86_64-linux-gnu/libnss_nis-2.15.so
7f3a23fff000-7f3a24000000 rw-p 0000b000 08:12 393345                     /lib/x86_64-linux-gnu/libnss_nis-2.15.so
7f3a24000000-7f3a2405d000 rw-p 00000000 00:00 0 
7f3a2405d000-7f3a28000000 ---p 00000000 00:00 0 
7f3a2801f000-7f3a28061000 rw-p 00000000 00:00 0 
7f3a28061000-7f3a280a9000 rw-p 00000000 00:00 0 
7f3a280a9000-7f3a280c0000 r-xp 00000000 08:12 397561                     /lib/x86_64-linux-gnu/libnsl-2.15.so
7f3a280c0000-7f3a282bf000 ---p 00017000 08:12 397561                     /lib/x86_64-linux-gnu/libnsl-2.15.so
7f3a282bf000-7f3a282c0000 r--p 00016000 08:12 397561                     /lib/x86_64-linux-gnu/libnsl-2.15.so
7f3a282c0000-7f3a282c1000 rw-p 00017000 08:12 397561                     /lib/x86_64-linux-gnu/libnsl-2.15.so
7f3a282c1000-7f3a282c3000 rw-p 00000000 00:00 0 
7f3a282c3000-7f3a282cb000 r-xp 00000000 08:12 393350                     /lib/x86_64-linux-gnu/libnss_compat-2.15.so
7f3a282cb000-7f3a284ca000 ---p 00008000 08:12 393350                     /lib/x86_64-linux-gnu/libnss_compat-2.15.so
7f3a284ca000-7f3a284cb000 r--p 00007000 08:12 393350                     /lib/x86_64-linux-gnu/libnss_compat-2.15.so
7f3a284cb000-7f3a284cc000 rw-p 00008000 08:12 393350                     /lib/x86_64-linux-gnu/libnss_compat-2.15.so
7f3a284cc000-7f3a284f5000 r-xp 00000000 08:12 1471425                    /usr/lib/jvm/java-7-openjdk-amd64/jre/lib/amd64/libjava.so
7f3a284f5000-7f3a286f4000 ---p 00029000 08:12 1471425                    /usr/lib/jvm/java-7-openjdk-amd64/jre/lib/amd64/libjava.so
7f3a286f4000-7f3a286f5000 r--p 00028000 08:12 1471425                    /usr/lib/jvm/java-7-openjdk-amd64/jre/lib/amd64/libjava.so
7f3a286f5000-7f3a286f7000 rw-p 00029000 08:12 1471425                    /usr/lib/jvm/java-7-openjdk-amd64/jre/lib/amd64/libjava.so
7f3a286f7000-7f3a28705000 r-xp 00000000 08:12 1471444                    /usr/lib/jvm/java-7-openjdk-amd64/jre/lib/amd64/libverify.so
7f3a28705000-7f3a28904000 ---p 0000e000 08:12 1471444                    /usr/lib/jvm/java-7-openjdk-amd64/jre/lib/amd64/libverify.so
7f3a28904000-7f3a28906000 r--p 0000d000 08:12 1471444                    /usr/lib/jvm/java-7-openjdk-amd64/jre/lib/amd64/libverify.so
7f3a28906000-7f3a28907000 rw-p 0000f000 08:12 1471444                    /usr/lib/jvm/java-7-openjdk-amd64/jre/lib/amd64/libverify.so
7f3a28907000-7f3a2890e000 r-xp 00000000 08:12 393343                     /lib/x86_64-linux-gnu/librt-2.15.so
7f3a2890e000-7f3a28b0d000 ---p 00007000 08:12 393343                     /lib/x86_64-linux-gnu/librt-2.15.so
7f3a28b0d000-7f3a28b0e000 r--p 00006000 08:12 393343                     /lib/x86_64-linux-gnu/librt-2.15.so
7f3a28b0e000-7f3a28b0f000 rw-p 00007000 08:12 393343                     /lib/x86_64-linux-gnu/librt-2.15.so
7f3a28b0f000-7f3a28b24000 r-xp 00000000 08:12 397249                     /lib/x86_64-linux-gnu/libgcc_s.so.1
7f3a28b24000-7f3a28d23000 ---p 00015000 08:12 397249                     /lib/x86_64-linux-gnu/libgcc_s.so.1
7f3a28d23000-7f3a28d24000 r--p 00014000 08:12 397249                     /lib/x86_64-linux-gnu/libgcc_s.so.1
7f3a28d24000-7f3a28d25000 rw-p 00015000 08:12 397249                     /lib/x86_64-linux-gnu/libgcc_s.so.1
7f3a28d25000-7f3a28e20000 r-xp 00000000 08:12 393347                     /lib/x86_64-linux-gnu/libm-2.15.so
7f3a28e20000-7f3a2901f000 ---p 000fb000 08:12 393347                     /lib/x86_64-linux-gnu/libm-2.15.so
7f3a2901f000-7f3a29020000 r--p 000fa000 08:12 393347                     /lib/x86_64-linux-gnu/libm-2.15.so
7f3a29020000-7f3a29021000 rw-p 000fb000 08:12 393347                     /lib/x86_64-linux-gnu/libm-2.15.so
7f3a29021000-7f3a29103000 r-xp 00000000 08:12 1319461                    /usr/lib/x86_64-linux-gnu/libstdc++.so.6.0.16
7f3a29103000-7f3a29302000 ---p 000e2000 08:12 1319461                    /usr/lib/x86_64-linux-gnu/libstdc++.so.6.0.16
7f3a29302000-7f3a2930a000 r--p 000e1000 08:12 1319461                    /usr/lib/x86_64-linux-gnu/libstdc++.so.6.0.16
7f3a2930a000-7f3a2930c000 rw-p 000e9000 08:12 1319461                    /usr/lib/x86_64-linux-gnu/libstdc++.so.6.0.16
7f3a2930c000-7f3a29321000 rw-p 00000000 00:00 0 
7f3a29321000-7f3a29cf4000 r-xp 00000000 08:12 1471438                    /usr/lib/jvm/java-7-openjdk-amd64/jre/lib/amd64/server/libjvm.so
7f3a29cf4000-7f3a29ef3000 ---p 009d3000 08:12 1471438                    /usr/lib/jvm/java-7-openjdk-amd64/jre/lib/amd64/server/libjvm.so
7f3a29ef3000-7f3a29f72000 r--p 009d2000 08:12 1471438                    /usr/lib/jvm/java-7-openjdk-amd64/jre/lib/amd64/server/libjvm.so
7f3a29f72000-7f3a29f95000 rw-p 00a51000 08:12 1471438                    /usr/lib/jvm/java-7-openjdk-amd64/jre/lib/amd64/server/libjvm.so
7f3a29f95000-7f3a29fbf000 rw-p 00000000 00:00 0 
7f3a29fbf000-7f3a29fd5000 r-xp 00000000 08:12 397339                     /lib/x86_64-linux-gnu/libz.so.1.2.3.4
7f3a29fd5000-7f3a2a1d4000 ---p 00016000 08:12 397339                     /lib/x86_64-linux-gnu/libz.so.1.2.3.4
7f3a2a1d4000-7f3a2a1d5000 r--p 00015000 08:12 397339                     /lib/x86_64-linux-gnu/libz.so.1.2.3.4
7f3a2a1d5000-7f3a2a1d6000 rw-p 00016000 08:12 397339                     /lib/x86_64-linux-gnu/libz.so.1.2.3.4
7f3a2a1d6000-7f3a2a1ee000 r-xp 00000000 08:12 393341                     /lib/x86_64-linux-gnu/libpthread-2.15.so
7f3a2a1ee000-7f3a2a3ed000 ---p 00018000 08:12 393341                     /lib/x86_64-linux-gnu/libpthread-2.15.so
7f3a2a3ed000-7f3a2a3ee000 r--p 00017000 08:12 393341                     /lib/x86_64-linux-gnu/libpthread-2.15.so
7f3a2a3ee000-7f3a2a3ef000 rw-p 00018000 08:12 393341                     /lib/x86_64-linux-gnu/libpthread-2.15.so
7f3a2a3ef000-7f3a2a3f3000 rw-p 00000000 00:00 0 
7f3a2a3f3000-7f3a2a3f5000 r-xp 00000000 08:12 393338                     /lib/x86_64-linux-gnu/libdl-2.15.so
7f3a2a3f5000-7f3a2a5f5000 ---p 00002000 08:12 393338                     /lib/x86_64-linux-gnu/libdl-2.15.so
7f3a2a5f5000-7f3a2a5f6000 r--p 00002000 08:12 393338                     /lib/x86_64-linux-gnu/libdl-2.15.so
7f3a2a5f6000-7f3a2a5f7000 rw-p 00003000 08:12 393338                     /lib/x86_64-linux-gnu/libdl-2.15.so
7f3a2a5f7000-7f3a2a7ac000 r-xp 00000000 08:12 393339                     /lib/x86_64-linux-gnu/libc-2.15.so
7f3a2a7ac000-7f3a2a9ab000 ---p 001b5000 08:12 393339                     /lib/x86_64-linux-gnu/libc-2.15.so
7f3a2a9ab000-7f3a2a9af000 r--p 001b4000 08:12 393339                     /lib/x86_64-linux-gnu/libc-2.15.so
7f3a2a9af000-7f3a2a9b1000 rw-p 001b8000 08:12 393339                     /lib/x86_64-linux-gnu/libc-2.15.so
7f3a2a9b1000-7f3a2a9b6000 rw-p 00000000 00:00 0 
7f3a2a9cb000-7f3a2a9d8000 r-xp 00000000 08:12 1471433                    /usr/lib/jvm/java-7-openjdk-amd64/jre/lib/amd64/jli/libjli.so
7f3a2a9d8000-7f3a2abd7000 ---p 0000d000 08:12 1471433                    /usr/lib/jvm/java-7-openjdk-amd64/jre/lib/amd64/jli/libjli.so
7f3a2abd7000-7f3a2abd8000 r--p 0000c000 08:12 1471433                    /usr/lib/jvm/java-7-openjdk-amd64/jre/lib/amd64/jli/libjli.so
7f3a2abd8000-7f3a2abd9000 rw-p 0000d000 08:12 1471433                    /usr/lib/jvm/java-7-openjdk-amd64/jre/lib/amd64/jli/libjli.so
7f3a2abd9000-7f3a2abfb000 r-xp 00000000 08:12 397165                     /lib/x86_64-linux-gnu/ld-2.15.so
7f3a2ac28000-7f3a2ac33000 rw-p 00000000 00:00 0 
7f3a2ac33000-7f3a2ace9000 rw-p 00000000 00:00 0 
7f3a2ace9000-7f3a2acf1000 rw-s 00000000 08:12 663804                     /tmp/hsperfdata_robin/23261
7f3a2acf1000-7f3a2acf2000 rw-p 00000000 00:00 0 
7f3a2acf2000-7f3a2acf3000 r--p 00000000 00:00 0 
7f3a2acf3000-7f3a2acf6000 ---p 00000000 00:00 0 
7f3a2acf6000-7f3a2adfb000 rw-p 00000000 00:00 0                          [stack:23268]
7f3a2adfb000-7f3a2adfc000 r--p 00022000 08:12 397165                     /lib/x86_64-linux-gnu/ld-2.15.so
7f3a2adfc000-7f3a2adfe000 rw-p 00023000 08:12 397165                     /lib/x86_64-linux-gnu/ld-2.15.so
7fff24065000-7fff24086000 rw-p 00000000 00:00 0                          [stack]
7fff241ff000-7fff24200000 r-xp 00000000 00:00 0                          [vdso]
ffffffffff600000-ffffffffff601000 r-xp 00000000 00:00 0                  [vsyscall]

VM Arguments:
jvm_args: -Dfile.encoding=UTF-8 -Xbootclasspath:/home/robin/android sdk tools/adt-bundle-linux-x86_64-20130729/sdk/platforms/android-18/android.jar 
java_command: org.eclipse.jdt.internal.junit.runner.RemoteTestRunner -version 3 -port 41822 -testLoaderClass org.eclipse.jdt.internal.junit.runner.junit3.JUnit3TestLoader -loaderpluginname org.eclipse.jdt.junit.runtime -classNames com.example.model.ProductTest
Launcher Type: SUN_STANDARD

Environment Variables:
PATH=/usr/lib/lightdm/lightdm:/usr/local/sbin:/usr/local/bin:/usr/sbin:/usr/bin:/sbin:/bin:/usr/games
SHELL=/bin/bash
DISPLAY=:0.0

Signal Handlers:
SIGSEGV: [libjvm.so+0x83b2a0], sa_mask[0]=0x7ffbfeff, sa_flags=0x10000004
SIGBUS: [libjvm.so+0x83b2a0], sa_mask[0]=0x7ffbfeff, sa_flags=0x10000004
SIGFPE: [libjvm.so+0x6dc040], sa_mask[0]=0x7ffbfeff, sa_flags=0x10000004
SIGPIPE: [libjvm.so+0x6dc040], sa_mask[0]=0x7ffbfeff, sa_flags=0x10000004
SIGXFSZ: [libjvm.so+0x6dc040], sa_mask[0]=0x7ffbfeff, sa_flags=0x10000004
SIGILL: [libjvm.so+0x6dc040], sa_mask[0]=0x7ffbfeff, sa_flags=0x10000004
SIGUSR1: SIG_DFL, sa_mask[0]=0x00000000, sa_flags=0x00000000
SIGUSR2: [libjvm.so+0x6dc480], sa_mask[0]=0x00000004, sa_flags=0x10000004
SIGHUP: SIG_DFL, sa_mask[0]=0x00000000, sa_flags=0x00000000
SIGINT: SIG_DFL, sa_mask[0]=0x00000000, sa_flags=0x00000000
SIGTERM: SIG_DFL, sa_mask[0]=0x00000000, sa_flags=0x00000000
SIGQUIT: SIG_DFL, sa_mask[0]=0x00000000, sa_flags=0x00000000


---------------  S Y S T E M  ---------------

OS:Ubuntu 12.04 (precise)
uname:Linux 3.5.0-40-generic #62~precise1-Ubuntu SMP Fri Aug 23 17:38:26 UTC 2013 x86_64
libc:glibc 2.15 NPTL 2.15 
rlimit: STACK 8192k, CORE 0k, NPROC 29166, NOFILE 4096, AS infinity
load average:0.57 0.42 0.28

/proc/meminfo:
MemTotal:        3932488 kB
MemFree:          375720 kB
Buffers:          140296 kB
Cached:          1059868 kB
SwapCached:         6252 kB
Active:          2153276 kB
Inactive:        1086276 kB
Active(anon):    1739676 kB
Inactive(anon):   724232 kB
Active(file):     413600 kB
Inactive(file):   362044 kB
Unevictable:          32 kB
Mlocked:              32 kB
SwapTotal:       4075516 kB
SwapFree:        4054388 kB
Dirty:               112 kB
Writeback:             0 kB
AnonPages:       2033204 kB
Mapped:           159120 kB
Shmem:            424516 kB
Slab:             195764 kB
SReclaimable:     161584 kB
SUnreclaim:        34180 kB
KernelStack:        4552 kB
PageTables:        47552 kB
NFS_Unstable:          0 kB
Bounce:                0 kB
WritebackTmp:          0 kB
CommitLimit:     6041760 kB
Committed_AS:    6277576 kB
VmallocTotal:   34359738367 kB
VmallocUsed:      445908 kB
VmallocChunk:   34359272864 kB
HardwareCorrupted:     0 kB
AnonHugePages:         0 kB
HugePages_Total:       0
HugePages_Free:        0
HugePages_Rsvd:        0
HugePages_Surp:        0
Hugepagesize:       2048 kB
DirectMap4k:       81920 kB
DirectMap2M:     4083712 kB


CPU:total 4 (2 cores per cpu, 2 threads per core) family 6 model 58 stepping 9, cmov, cx8, fxsr, mmx, sse, sse2, sse3, ssse3, sse4.1, sse4.2, popcnt, avx, ht, tsc, tscinvbit, tscinv

/proc/cpuinfo:
processor	: 0
vendor_id	: GenuineIntel
cpu family	: 6
model		: 58
model name	: Intel(R) Core(TM) i7-3517U CPU @ 1.90GHz
stepping	: 9
microcode	: 0x12
cpu MHz		: 1900.000
cache size	: 4096 KB
physical id	: 0
siblings	: 4
core id		: 0
cpu cores	: 2
apicid		: 0
initial apicid	: 0
fpu		: yes
fpu_exception	: yes
cpuid level	: 13
wp		: yes
flags		: fpu vme de pse tsc msr pae mce cx8 apic sep mtrr pge mca cmov pat pse36 clflush dts acpi mmx fxsr sse sse2 ss ht tm pbe syscall nx rdtscp lm constant_tsc arch_perfmon pebs bts rep_good nopl xtopology nonstop_tsc aperfmperf pni pclmulqdq dtes64 monitor ds_cpl vmx est tm2 ssse3 cx16 xtpr pdcm pcid sse4_1 sse4_2 x2apic popcnt tsc_deadline_timer aes xsave avx f16c rdrand lahf_lm ida arat epb xsaveopt pln pts dtherm tpr_shadow vnmi flexpriority ept vpid fsgsbase smep erms
bogomips	: 4788.61
clflush size	: 64
cache_alignment	: 64
address sizes	: 36 bits physical, 48 bits virtual
power management:

processor	: 1
vendor_id	: GenuineIntel
cpu family	: 6
model		: 58
model name	: Intel(R) Core(TM) i7-3517U CPU @ 1.90GHz
stepping	: 9
microcode	: 0x12
cpu MHz		: 800.000
cache size	: 4096 KB
physical id	: 0
siblings	: 4
core id		: 1
cpu cores	: 2
apicid		: 2
initial apicid	: 2
fpu		: yes
fpu_exception	: yes
cpuid level	: 13
wp		: yes
flags		: fpu vme de pse tsc msr pae mce cx8 apic sep mtrr pge mca cmov pat pse36 clflush dts acpi mmx fxsr sse sse2 ss ht tm pbe syscall nx rdtscp lm constant_tsc arch_perfmon pebs bts rep_good nopl xtopology nonstop_tsc aperfmperf pni pclmulqdq dtes64 monitor ds_cpl vmx est tm2 ssse3 cx16 xtpr pdcm pcid sse4_1 sse4_2 x2apic popcnt tsc_deadline_timer aes xsave avx f16c rdrand lahf_lm ida arat epb xsaveopt pln pts dtherm tpr_shadow vnmi flexpriority ept vpid fsgsbase smep erms
bogomips	: 4788.61
clflush size	: 64
cache_alignment	: 64
address sizes	: 36 bits physical, 48 bits virtual
power management:

processor	: 2
vendor_id	: GenuineIntel
cpu family	: 6
model		: 58
model name	: Intel(R) Core(TM) i7-3517U CPU @ 1.90GHz
stepping	: 9
microcode	: 0x12
cpu MHz		: 1900.000
cache size	: 4096 KB
physical id	: 0
siblings	: 4
core id		: 0
cpu cores	: 2
apicid		: 1
initial apicid	: 1
fpu		: yes
fpu_exception	: yes
cpuid level	: 13
wp		: yes
flags		: fpu vme de pse tsc msr pae mce cx8 apic sep mtrr pge mca cmov pat pse36 clflush dts acpi mmx fxsr sse sse2 ss ht tm pbe syscall nx rdtscp lm constant_tsc arch_perfmon pebs bts rep_good nopl xtopology nonstop_tsc aperfmperf pni pclmulqdq dtes64 monitor ds_cpl vmx est tm2 ssse3 cx16 xtpr pdcm pcid sse4_1 sse4_2 x2apic popcnt tsc_deadline_timer aes xsave avx f16c rdrand lahf_lm ida arat epb xsaveopt pln pts dtherm tpr_shadow vnmi flexpriority ept vpid fsgsbase smep erms
bogomips	: 4788.61
clflush size	: 64
cache_alignment	: 64
address sizes	: 36 bits physical, 48 bits virtual
power management:

processor	: 3
vendor_id	: GenuineIntel
cpu family	: 6
model		: 58
model name	: Intel(R) Core(TM) i7-3517U CPU @ 1.90GHz
stepping	: 9
microcode	: 0x12
cpu MHz		: 1900.000
cache size	: 4096 KB
physical id	: 0
siblings	: 4
core id		: 1
cpu cores	: 2
apicid		: 3
initial apicid	: 3
fpu		: yes
fpu_exception	: yes
cpuid level	: 13
wp		: yes
flags		: fpu vme de pse tsc msr pae mce cx8 apic sep mtrr pge mca cmov pat pse36 clflush dts acpi mmx fxsr sse sse2 ss ht tm pbe syscall nx rdtscp lm constant_tsc arch_perfmon pebs bts rep_good nopl xtopology nonstop_tsc aperfmperf pni pclmulqdq dtes64 monitor ds_cpl vmx est tm2 ssse3 cx16 xtpr pdcm pcid sse4_1 sse4_2 x2apic popcnt tsc_deadline_timer aes xsave avx f16c rdrand lahf_lm ida arat epb xsaveopt pln pts dtherm tpr_shadow vnmi flexpriority ept vpid fsgsbase smep erms
bogomips	: 4788.61
clflush size	: 64
cache_alignment	: 64
address sizes	: 36 bits physical, 48 bits virtual
power management:



Memory: 4k page, physical 3932488k(375720k free), swap 4075516k(4054388k free)

vm_info: OpenJDK 64-Bit Server VM (23.7-b01) for linux-amd64 JRE (1.7.0_25-b30), built on Jul 15 2013 20:38:06 by "buildd" with gcc 4.6.3

time: Tue Sep 17 11:12:34 2013
elapsed time: 0 seconds

