#
# A fatal error has been detected by the Java Runtime Environment:
#
#  Internal Error (javaClasses.cpp:129), pid=22523, tid=140424822146816
#  fatal error: Invalid layout of preloaded class
#
# JRE version: 7.0_25-b30
# Java VM: OpenJDK 64-Bit Server VM (23.7-b01 mixed mode linux-amd64 compressed oops)
# Failed to write core dump. Core dumps have been disabled. To enable core dumping, try "ulimit -c unlimited" before starting Java again
#
# If you would like to submit a bug report, please include
# instructions on how to reproduce the bug and visit:
#   https://bugs.launchpad.net/ubuntu/+source/openjdk-7/
#

---------------  T H R E A D  ---------------

Current thread (0x00007fb72c009800):  JavaThread "Unknown thread" [_thread_in_vm, id=22529, stack(0x00007fb733944000,0x00007fb733a45000)]

Stack: [0x00007fb733944000,0x00007fb733a45000],  sp=0x00007fb733a43920,  free space=1022k
Native frames: (J=compiled Java code, j=interpreted, Vv=VM code, C=native code)
V  [libjvm.so+0x83a829]  VMError::report_and_die()+0x169
V  [libjvm.so+0x3e5c03]  report_fatal(char const*, int, char const*)+0x53
V  [libjvm.so+0x51b623]  compute_offset(int&, klassOopDesc*, Symbol*, Symbol*, bool)+0x123
V  [libjvm.so+0x51b8b1]  java_lang_String::compute_offsets()+0x41
V  [libjvm.so+0x7c98fd]  SystemDictionary::initialize_preloaded_classes(Thread*)+0x3d
V  [libjvm.so+0x816c53]  Universe::genesis(Thread*)+0x443
V  [libjvm.so+0x817102]  universe2_init()+0x32
V  [libjvm.so+0x4cf5ea]  init_globals()+0x9a
V  [libjvm.so+0x7fcf0c]  Threads::create_vm(JavaVMInitArgs*, bool*)+0x39c
V  [libjvm.so+0x538eca]  JNI_CreateJavaVM+0x5a
C  [libjli.so+0x2a17]  __strcat_chk+0x2a17


---------------  P R O C E S S  ---------------

Java Threads: ( => current thread )

Other Threads:

=>0x00007fb72c009800 (exited) JavaThread "Unknown thread" [_thread_in_vm, id=22529, stack(0x00007fb733944000,0x00007fb733a45000)]

VM state:not at safepoint (not fully initialized)

VM Mutex/Monitor currently owned by a thread: None

GC Heap History (0 events):
No events

Deoptimization events (0 events):
No events

Internal exceptions (0 events):
No events

Events (10 events):
Event: 0.010 loading class 0x00007fb72c02b350 done
Event: 0.010 loading class 0x00007fb72c02abf0 done
Event: 0.010 loading class 0x00007fb72c02abc0
Event: 0.010 loading class 0x00007fb72c055f70
Event: 0.010 loading class 0x00007fb72c055f70 done
Event: 0.010 loading class 0x00007fb72c055fb0
Event: 0.010 loading class 0x00007fb72c055fb0 done
Event: 0.010 loading class 0x00007fb72c055ff0
Event: 0.010 loading class 0x00007fb72c055ff0 done
Event: 0.010 loading class 0x00007fb72c02abc0 done


Dynamic libraries:
00400000-00401000 r-xp 00000000 08:12 1459785                            /usr/lib/jvm/java-7-openjdk-amd64/jre/bin/java
00600000-00601000 r--p 00000000 08:12 1459785                            /usr/lib/jvm/java-7-openjdk-amd64/jre/bin/java
00601000-00602000 rw-p 00001000 08:12 1459785                            /usr/lib/jvm/java-7-openjdk-amd64/jre/bin/java
01d68000-01d89000 rw-p 00000000 00:00 0                                  [heap]
b9800000-bacc0000 rw-p 00000000 00:00 0 
bacc0000-c3e00000 rw-p 00000000 00:00 0 
c3e00000-c6610000 rw-p 00000000 00:00 0 
c6610000-ebf60000 rw-p 00000000 00:00 0 
ebf60000-ed360000 rw-p 00000000 00:00 0 
ed360000-100000000 rw-p 00000000 00:00 0 
7fb70c000000-7fb70c021000 rw-p 00000000 00:00 0 
7fb70c021000-7fb710000000 ---p 00000000 00:00 0 
7fb714000000-7fb714021000 rw-p 00000000 00:00 0 
7fb714021000-7fb718000000 ---p 00000000 00:00 0 
7fb71c000000-7fb71c021000 rw-p 00000000 00:00 0 
7fb71c021000-7fb720000000 ---p 00000000 00:00 0 
7fb721cc0000-7fb724000000 rw-p 00000000 00:00 0 
7fb724000000-7fb724021000 rw-p 00000000 00:00 0 
7fb724021000-7fb728000000 ---p 00000000 00:00 0 
7fb72832f000-7fb728565000 rw-p 00000000 00:00 0 
7fb728565000-7fb72862f000 r--s 011ad000 08:12 1098152                    /home/robin/android sdk tools/adt-bundle-linux-x86_64-20130729/sdk/platforms/android-18/android.jar
7fb72862f000-7fb728eff000 rw-p 00000000 00:00 0 
7fb728eff000-7fb728f00000 ---p 00000000 00:00 0 
7fb728f00000-7fb729000000 rw-p 00000000 00:00 0                          [stack:22534]
7fb729000000-7fb729270000 rwxp 00000000 00:00 0 
7fb729270000-7fb72c05d000 rw-p 00000000 00:00 0 
7fb72c05d000-7fb730000000 ---p 00000000 00:00 0 
7fb73000c000-7fb73000d000 ---p 00000000 00:00 0 
7fb73000d000-7fb73010d000 rw-p 00000000 00:00 0                          [stack:22533]
7fb73010d000-7fb73010e000 ---p 00000000 00:00 0 
7fb73010e000-7fb73020e000 rw-p 00000000 00:00 0                          [stack:22532]
7fb73020e000-7fb73020f000 ---p 00000000 00:00 0 
7fb73020f000-7fb73031a000 rw-p 00000000 00:00 0                          [stack:22531]
7fb73031a000-7fb730362000 rw-p 00000000 00:00 0 
7fb730362000-7fb730377000 rw-p 00000000 00:00 0 
7fb730377000-7fb7304a3000 rw-p 00000000 00:00 0 
7fb7304a3000-7fb7304ae000 rw-p 00000000 00:00 0 
7fb7304ae000-7fb7304f6000 rw-p 00000000 00:00 0 
7fb7304f6000-7fb73050b000 rw-p 00000000 00:00 0 
7fb73050b000-7fb730636000 rw-p 00000000 00:00 0 
7fb730636000-7fb730641000 rw-p 00000000 00:00 0 
7fb730641000-7fb7306d7000 rw-p 00000000 00:00 0 
7fb7306d7000-7fb7306d8000 rw-p 00000000 00:00 0 
7fb7306d8000-7fb7306e0000 r-xp 00000000 08:12 1471430                    /usr/lib/jvm/java-7-openjdk-amd64/jre/lib/amd64/libzip.so
7fb7306e0000-7fb7308df000 ---p 00008000 08:12 1471430                    /usr/lib/jvm/java-7-openjdk-amd64/jre/lib/amd64/libzip.so
7fb7308df000-7fb7308e0000 r--p 00007000 08:12 1471430                    /usr/lib/jvm/java-7-openjdk-amd64/jre/lib/amd64/libzip.so
7fb7308e0000-7fb7308e1000 rw-p 00008000 08:12 1471430                    /usr/lib/jvm/java-7-openjdk-amd64/jre/lib/amd64/libzip.so
7fb7308e1000-7fb7308ed000 r-xp 00000000 08:12 393349                     /lib/x86_64-linux-gnu/libnss_files-2.15.so
7fb7308ed000-7fb730aec000 ---p 0000c000 08:12 393349                     /lib/x86_64-linux-gnu/libnss_files-2.15.so
7fb730aec000-7fb730aed000 r--p 0000b000 08:12 393349                     /lib/x86_64-linux-gnu/libnss_files-2.15.so
7fb730aed000-7fb730aee000 rw-p 0000c000 08:12 393349                     /lib/x86_64-linux-gnu/libnss_files-2.15.so
7fb730aee000-7fb730af8000 r-xp 00000000 08:12 393345                     /lib/x86_64-linux-gnu/libnss_nis-2.15.so
7fb730af8000-7fb730cf8000 ---p 0000a000 08:12 393345                     /lib/x86_64-linux-gnu/libnss_nis-2.15.so
7fb730cf8000-7fb730cf9000 r--p 0000a000 08:12 393345                     /lib/x86_64-linux-gnu/libnss_nis-2.15.so
7fb730cf9000-7fb730cfa000 rw-p 0000b000 08:12 393345                     /lib/x86_64-linux-gnu/libnss_nis-2.15.so
7fb730cfa000-7fb730d11000 r-xp 00000000 08:12 397561                     /lib/x86_64-linux-gnu/libnsl-2.15.so
7fb730d11000-7fb730f10000 ---p 00017000 08:12 397561                     /lib/x86_64-linux-gnu/libnsl-2.15.so
7fb730f10000-7fb730f11000 r--p 00016000 08:12 397561                     /lib/x86_64-linux-gnu/libnsl-2.15.so
7fb730f11000-7fb730f12000 rw-p 00017000 08:12 397561                     /lib/x86_64-linux-gnu/libnsl-2.15.so
7fb730f12000-7fb730f14000 rw-p 00000000 00:00 0 
7fb730f14000-7fb730f1c000 r-xp 00000000 08:12 393350                     /lib/x86_64-linux-gnu/libnss_compat-2.15.so
7fb730f1c000-7fb73111b000 ---p 00008000 08:12 393350                     /lib/x86_64-linux-gnu/libnss_compat-2.15.so
7fb73111b000-7fb73111c000 r--p 00007000 08:12 393350                     /lib/x86_64-linux-gnu/libnss_compat-2.15.so
7fb73111c000-7fb73111d000 rw-p 00008000 08:12 393350                     /lib/x86_64-linux-gnu/libnss_compat-2.15.so
7fb73111d000-7fb731146000 r-xp 00000000 08:12 1471425                    /usr/lib/jvm/java-7-openjdk-amd64/jre/lib/amd64/libjava.so
7fb731146000-7fb731345000 ---p 00029000 08:12 1471425                    /usr/lib/jvm/java-7-openjdk-amd64/jre/lib/amd64/libjava.so
7fb731345000-7fb731346000 r--p 00028000 08:12 1471425                    /usr/lib/jvm/java-7-openjdk-amd64/jre/lib/amd64/libjava.so
7fb731346000-7fb731348000 rw-p 00029000 08:12 1471425                    /usr/lib/jvm/java-7-openjdk-amd64/jre/lib/amd64/libjava.so
7fb731348000-7fb731356000 r-xp 00000000 08:12 1471444                    /usr/lib/jvm/java-7-openjdk-amd64/jre/lib/amd64/libverify.so
7fb731356000-7fb731555000 ---p 0000e000 08:12 1471444                    /usr/lib/jvm/java-7-openjdk-amd64/jre/lib/amd64/libverify.so
7fb731555000-7fb731557000 r--p 0000d000 08:12 1471444                    /usr/lib/jvm/java-7-openjdk-amd64/jre/lib/amd64/libverify.so
7fb731557000-7fb731558000 rw-p 0000f000 08:12 1471444                    /usr/lib/jvm/java-7-openjdk-amd64/jre/lib/amd64/libverify.so
7fb731558000-7fb73155f000 r-xp 00000000 08:12 393343                     /lib/x86_64-linux-gnu/librt-2.15.so
7fb73155f000-7fb73175e000 ---p 00007000 08:12 393343                     /lib/x86_64-linux-gnu/librt-2.15.so
7fb73175e000-7fb73175f000 r--p 00006000 08:12 393343                     /lib/x86_64-linux-gnu/librt-2.15.so
7fb73175f000-7fb731760000 rw-p 00007000 08:12 393343                     /lib/x86_64-linux-gnu/librt-2.15.so
7fb731760000-7fb731775000 r-xp 00000000 08:12 397249                     /lib/x86_64-linux-gnu/libgcc_s.so.1
7fb731775000-7fb731974000 ---p 00015000 08:12 397249                     /lib/x86_64-linux-gnu/libgcc_s.so.1
7fb731974000-7fb731975000 r--p 00014000 08:12 397249                     /lib/x86_64-linux-gnu/libgcc_s.so.1
7fb731975000-7fb731976000 rw-p 00015000 08:12 397249                     /lib/x86_64-linux-gnu/libgcc_s.so.1
7fb731976000-7fb731a71000 r-xp 00000000 08:12 393347                     /lib/x86_64-linux-gnu/libm-2.15.so
7fb731a71000-7fb731c70000 ---p 000fb000 08:12 393347                     /lib/x86_64-linux-gnu/libm-2.15.so
7fb731c70000-7fb731c71000 r--p 000fa000 08:12 393347                     /lib/x86_64-linux-gnu/libm-2.15.so
7fb731c71000-7fb731c72000 rw-p 000fb000 08:12 393347                     /lib/x86_64-linux-gnu/libm-2.15.so
7fb731c72000-7fb731d54000 r-xp 00000000 08:12 1319461                    /usr/lib/x86_64-linux-gnu/libstdc++.so.6.0.16
7fb731d54000-7fb731f53000 ---p 000e2000 08:12 1319461                    /usr/lib/x86_64-linux-gnu/libstdc++.so.6.0.16
7fb731f53000-7fb731f5b000 r--p 000e1000 08:12 1319461                    /usr/lib/x86_64-linux-gnu/libstdc++.so.6.0.16
7fb731f5b000-7fb731f5d000 rw-p 000e9000 08:12 1319461                    /usr/lib/x86_64-linux-gnu/libstdc++.so.6.0.16
7fb731f5d000-7fb731f72000 rw-p 00000000 00:00 0 
7fb731f72000-7fb732945000 r-xp 00000000 08:12 1471438                    /usr/lib/jvm/java-7-openjdk-amd64/jre/lib/amd64/server/libjvm.so
7fb732945000-7fb732b44000 ---p 009d3000 08:12 1471438                    /usr/lib/jvm/java-7-openjdk-amd64/jre/lib/amd64/server/libjvm.so
7fb732b44000-7fb732bc3000 r--p 009d2000 08:12 1471438                    /usr/lib/jvm/java-7-openjdk-amd64/jre/lib/amd64/server/libjvm.so
7fb732bc3000-7fb732be6000 rw-p 00a51000 08:12 1471438                    /usr/lib/jvm/java-7-openjdk-amd64/jre/lib/amd64/server/libjvm.so
7fb732be6000-7fb732c10000 rw-p 00000000 00:00 0 
7fb732c10000-7fb732c26000 r-xp 00000000 08:12 397339                     /lib/x86_64-linux-gnu/libz.so.1.2.3.4
7fb732c26000-7fb732e25000 ---p 00016000 08:12 397339                     /lib/x86_64-linux-gnu/libz.so.1.2.3.4
7fb732e25000-7fb732e26000 r--p 00015000 08:12 397339                     /lib/x86_64-linux-gnu/libz.so.1.2.3.4
7fb732e26000-7fb732e27000 rw-p 00016000 08:12 397339                     /lib/x86_64-linux-gnu/libz.so.1.2.3.4
7fb732e27000-7fb732e3f000 r-xp 00000000 08:12 393341                     /lib/x86_64-linux-gnu/libpthread-2.15.so
7fb732e3f000-7fb73303e000 ---p 00018000 08:12 393341                     /lib/x86_64-linux-gnu/libpthread-2.15.so
7fb73303e000-7fb73303f000 r--p 00017000 08:12 393341                     /lib/x86_64-linux-gnu/libpthread-2.15.so
7fb73303f000-7fb733040000 rw-p 00018000 08:12 393341                     /lib/x86_64-linux-gnu/libpthread-2.15.so
7fb733040000-7fb733044000 rw-p 00000000 00:00 0 
7fb733044000-7fb733046000 r-xp 00000000 08:12 393338                     /lib/x86_64-linux-gnu/libdl-2.15.so
7fb733046000-7fb733246000 ---p 00002000 08:12 393338                     /lib/x86_64-linux-gnu/libdl-2.15.so
7fb733246000-7fb733247000 r--p 00002000 08:12 393338                     /lib/x86_64-linux-gnu/libdl-2.15.so
7fb733247000-7fb733248000 rw-p 00003000 08:12 393338                     /lib/x86_64-linux-gnu/libdl-2.15.so
7fb733248000-7fb7333fd000 r-xp 00000000 08:12 393339                     /lib/x86_64-linux-gnu/libc-2.15.so
7fb7333fd000-7fb7335fc000 ---p 001b5000 08:12 393339                     /lib/x86_64-linux-gnu/libc-2.15.so
7fb7335fc000-7fb733600000 r--p 001b4000 08:12 393339                     /lib/x86_64-linux-gnu/libc-2.15.so
7fb733600000-7fb733602000 rw-p 001b8000 08:12 393339                     /lib/x86_64-linux-gnu/libc-2.15.so
7fb733602000-7fb733607000 rw-p 00000000 00:00 0 
7fb73361c000-7fb733629000 r-xp 00000000 08:12 1471433                    /usr/lib/jvm/java-7-openjdk-amd64/jre/lib/amd64/jli/libjli.so
7fb733629000-7fb733828000 ---p 0000d000 08:12 1471433                    /usr/lib/jvm/java-7-openjdk-amd64/jre/lib/amd64/jli/libjli.so
7fb733828000-7fb733829000 r--p 0000c000 08:12 1471433                    /usr/lib/jvm/java-7-openjdk-amd64/jre/lib/amd64/jli/libjli.so
7fb733829000-7fb73382a000 rw-p 0000d000 08:12 1471433                    /usr/lib/jvm/java-7-openjdk-amd64/jre/lib/amd64/jli/libjli.so
7fb73382a000-7fb73384c000 r-xp 00000000 08:12 397165                     /lib/x86_64-linux-gnu/ld-2.15.so
7fb733852000-7fb733884000 rw-p 00000000 00:00 0 
7fb733884000-7fb73393a000 rw-p 00000000 00:00 0 
7fb73393a000-7fb733942000 rw-s 00000000 08:12 663804                     /tmp/hsperfdata_robin/22523
7fb733942000-7fb733943000 rw-p 00000000 00:00 0 
7fb733943000-7fb733944000 r--p 00000000 00:00 0 
7fb733944000-7fb733947000 ---p 00000000 00:00 0 
7fb733947000-7fb733a4c000 rw-p 00000000 00:00 0                          [stack:22529]
7fb733a4c000-7fb733a4d000 r--p 00022000 08:12 397165                     /lib/x86_64-linux-gnu/ld-2.15.so
7fb733a4d000-7fb733a4f000 rw-p 00023000 08:12 397165                     /lib/x86_64-linux-gnu/ld-2.15.so
7fff0de76000-7fff0de97000 rw-p 00000000 00:00 0                          [stack]
7fff0df41000-7fff0df42000 r-xp 00000000 00:00 0                          [vdso]
ffffffffff600000-ffffffffff601000 r-xp 00000000 00:00 0                  [vsyscall]

VM Arguments:
jvm_args: -Dfile.encoding=UTF-8 -Xbootclasspath:/home/robin/android sdk tools/adt-bundle-linux-x86_64-20130729/sdk/platforms/android-18/android.jar 
java_command: org.eclipse.jdt.internal.junit.runner.RemoteTestRunner -version 3 -port 50390 -testLoaderClass org.eclipse.jdt.internal.junit4.runner.JUnit4TestLoader -loaderpluginname org.eclipse.jdt.junit4.runtime -classNames com.example.model.ProductTest
Launcher Type: SUN_STANDARD

Environment Variables:
PATH=/usr/lib/lightdm/lightdm:/usr/local/sbin:/usr/local/bin:/usr/sbin:/usr/bin:/sbin:/bin:/usr/games
SHELL=/bin/bash
DISPLAY=:0.0

Signal Handlers:
SIGSEGV: [libjvm.so+0x83b2a0], sa_mask[0]=0x7ffbfeff, sa_flags=0x10000004
SIGBUS: [libjvm.so+0x83b2a0], sa_mask[0]=0x7ffbfeff, sa_flags=0x10000004
SIGFPE: [libjvm.so+0x6dc040], sa_mask[0]=0x7ffbfeff, sa_flags=0x10000004
SIGPIPE: [libjvm.so+0x6dc040], sa_mask[0]=0x7ffbfeff, sa_flags=0x10000004
SIGXFSZ: [libjvm.so+0x6dc040], sa_mask[0]=0x7ffbfeff, sa_flags=0x10000004
SIGILL: [libjvm.so+0x6dc040], sa_mask[0]=0x7ffbfeff, sa_flags=0x10000004
SIGUSR1: SIG_DFL, sa_mask[0]=0x00000000, sa_flags=0x00000000
SIGUSR2: [libjvm.so+0x6dc480], sa_mask[0]=0x00000004, sa_flags=0x10000004
SIGHUP: SIG_DFL, sa_mask[0]=0x00000000, sa_flags=0x00000000
SIGINT: SIG_DFL, sa_mask[0]=0x00000000, sa_flags=0x00000000
SIGTERM: SIG_DFL, sa_mask[0]=0x00000000, sa_flags=0x00000000
SIGQUIT: SIG_DFL, sa_mask[0]=0x00000000, sa_flags=0x00000000


---------------  S Y S T E M  ---------------

OS:Ubuntu 12.04 (precise)
uname:Linux 3.5.0-40-generic #62~precise1-Ubuntu SMP Fri Aug 23 17:38:26 UTC 2013 x86_64
libc:glibc 2.15 NPTL 2.15 
rlimit: STACK 8192k, CORE 0k, NPROC 29166, NOFILE 4096, AS infinity
load average:0.16 0.18 0.19

/proc/meminfo:
MemTotal:        3932488 kB
MemFree:          451164 kB
Buffers:          125876 kB
Cached:          1010672 kB
SwapCached:         6256 kB
Active:          2095712 kB
Inactive:        1070172 kB
Active(anon):    1729024 kB
Inactive(anon):   723732 kB
Active(file):     366688 kB
Inactive(file):   346440 kB
Unevictable:          32 kB
Mlocked:              32 kB
SwapTotal:       4075516 kB
SwapFree:        4054384 kB
Dirty:               308 kB
Writeback:             0 kB
AnonPages:       2023496 kB
Mapped:           160872 kB
Shmem:            423044 kB
Slab:             193696 kB
SReclaimable:     159436 kB
SUnreclaim:        34260 kB
KernelStack:        4992 kB
PageTables:        47528 kB
NFS_Unstable:          0 kB
Bounce:                0 kB
WritebackTmp:          0 kB
CommitLimit:     6041760 kB
Committed_AS:    6269620 kB
VmallocTotal:   34359738367 kB
VmallocUsed:      445912 kB
VmallocChunk:   34359272864 kB
HardwareCorrupted:     0 kB
AnonHugePages:         0 kB
HugePages_Total:       0
HugePages_Free:        0
HugePages_Rsvd:        0
HugePages_Surp:        0
Hugepagesize:       2048 kB
DirectMap4k:       81920 kB
DirectMap2M:     4083712 kB


CPU:total 4 (2 cores per cpu, 2 threads per core) family 6 model 58 stepping 9, cmov, cx8, fxsr, mmx, sse, sse2, sse3, ssse3, sse4.1, sse4.2, popcnt, avx, ht, tsc, tscinvbit, tscinv

/proc/cpuinfo:
processor	: 0
vendor_id	: GenuineIntel
cpu family	: 6
model		: 58
model name	: Intel(R) Core(TM) i7-3517U CPU @ 1.90GHz
stepping	: 9
microcode	: 0x12
cpu MHz		: 1900.000
cache size	: 4096 KB
physical id	: 0
siblings	: 4
core id		: 0
cpu cores	: 2
apicid		: 0
initial apicid	: 0
fpu		: yes
fpu_exception	: yes
cpuid level	: 13
wp		: yes
flags		: fpu vme de pse tsc msr pae mce cx8 apic sep mtrr pge mca cmov pat pse36 clflush dts acpi mmx fxsr sse sse2 ss ht tm pbe syscall nx rdtscp lm constant_tsc arch_perfmon pebs bts rep_good nopl xtopology nonstop_tsc aperfmperf pni pclmulqdq dtes64 monitor ds_cpl vmx est tm2 ssse3 cx16 xtpr pdcm pcid sse4_1 sse4_2 x2apic popcnt tsc_deadline_timer aes xsave avx f16c rdrand lahf_lm ida arat epb xsaveopt pln pts dtherm tpr_shadow vnmi flexpriority ept vpid fsgsbase smep erms
bogomips	: 4788.61
clflush size	: 64
cache_alignment	: 64
address sizes	: 36 bits physical, 48 bits virtual
power management:

processor	: 1
vendor_id	: GenuineIntel
cpu family	: 6
model		: 58
model name	: Intel(R) Core(TM) i7-3517U CPU @ 1.90GHz
stepping	: 9
microcode	: 0x12
cpu MHz		: 1900.000
cache size	: 4096 KB
physical id	: 0
siblings	: 4
core id		: 1
cpu cores	: 2
apicid		: 2
initial apicid	: 2
fpu		: yes
fpu_exception	: yes
cpuid level	: 13
wp		: yes
flags		: fpu vme de pse tsc msr pae mce cx8 apic sep mtrr pge mca cmov pat pse36 clflush dts acpi mmx fxsr sse sse2 ss ht tm pbe syscall nx rdtscp lm constant_tsc arch_perfmon pebs bts rep_good nopl xtopology nonstop_tsc aperfmperf pni pclmulqdq dtes64 monitor ds_cpl vmx est tm2 ssse3 cx16 xtpr pdcm pcid sse4_1 sse4_2 x2apic popcnt tsc_deadline_timer aes xsave avx f16c rdrand lahf_lm ida arat epb xsaveopt pln pts dtherm tpr_shadow vnmi flexpriority ept vpid fsgsbase smep erms
bogomips	: 4788.61
clflush size	: 64
cache_alignment	: 64
address sizes	: 36 bits physical, 48 bits virtual
power management:

processor	: 2
vendor_id	: GenuineIntel
cpu family	: 6
model		: 58
model name	: Intel(R) Core(TM) i7-3517U CPU @ 1.90GHz
stepping	: 9
microcode	: 0x12
cpu MHz		: 800.000
cache size	: 4096 KB
physical id	: 0
siblings	: 4
core id		: 0
cpu cores	: 2
apicid		: 1
initial apicid	: 1
fpu		: yes
fpu_exception	: yes
cpuid level	: 13
wp		: yes
flags		: fpu vme de pse tsc msr pae mce cx8 apic sep mtrr pge mca cmov pat pse36 clflush dts acpi mmx fxsr sse sse2 ss ht tm pbe syscall nx rdtscp lm constant_tsc arch_perfmon pebs bts rep_good nopl xtopology nonstop_tsc aperfmperf pni pclmulqdq dtes64 monitor ds_cpl vmx est tm2 ssse3 cx16 xtpr pdcm pcid sse4_1 sse4_2 x2apic popcnt tsc_deadline_timer aes xsave avx f16c rdrand lahf_lm ida arat epb xsaveopt pln pts dtherm tpr_shadow vnmi flexpriority ept vpid fsgsbase smep erms
bogomips	: 4788.61
clflush size	: 64
cache_alignment	: 64
address sizes	: 36 bits physical, 48 bits virtual
power management:

processor	: 3
vendor_id	: GenuineIntel
cpu family	: 6
model		: 58
model name	: Intel(R) Core(TM) i7-3517U CPU @ 1.90GHz
stepping	: 9
microcode	: 0x12
cpu MHz		: 1900.000
cache size	: 4096 KB
physical id	: 0
siblings	: 4
core id		: 1
cpu cores	: 2
apicid		: 3
initial apicid	: 3
fpu		: yes
fpu_exception	: yes
cpuid level	: 13
wp		: yes
flags		: fpu vme de pse tsc msr pae mce cx8 apic sep mtrr pge mca cmov pat pse36 clflush dts acpi mmx fxsr sse sse2 ss ht tm pbe syscall nx rdtscp lm constant_tsc arch_perfmon pebs bts rep_good nopl xtopology nonstop_tsc aperfmperf pni pclmulqdq dtes64 monitor ds_cpl vmx est tm2 ssse3 cx16 xtpr pdcm pcid sse4_1 sse4_2 x2apic popcnt tsc_deadline_timer aes xsave avx f16c rdrand lahf_lm ida arat epb xsaveopt pln pts dtherm tpr_shadow vnmi flexpriority ept vpid fsgsbase smep erms
bogomips	: 4788.61
clflush size	: 64
cache_alignment	: 64
address sizes	: 36 bits physical, 48 bits virtual
power management:



Memory: 4k page, physical 3932488k(451164k free), swap 4075516k(4054384k free)

vm_info: OpenJDK 64-Bit Server VM (23.7-b01) for linux-amd64 JRE (1.7.0_25-b30), built on Jul 15 2013 20:38:06 by "buildd" with gcc 4.6.3

time: Tue Sep 17 11:10:48 2013
elapsed time: 0 seconds

